<?xml version="1.0" encoding="UTF-8"?>
<!-- Generated by org.testng.reporters.JUnitReportReporter -->
<testsuite hostname="LAPTOP-DI0Q8O11" failures="0" tests="1" name="com.Zurich_automation_Test.AutomationScriptPayment1Test" time="1.899" errors="0" timestamp="2022-09-22T11:44:25 IST" skipped="0">
  <testcase classname="com.Zurich_automation_Test.AutomationScriptPayment1Test" name="paymen1" time="1.899"/>
  <system-out>
    <![CDATA[passed: payment record increased successfully]]>
  </system-out>
</testsuite> <!-- com.Zurich_automation_Test.AutomationScriptPayment1Test -->
